<?xml version="1.0" encoding="UTF-8"?>
<!-- Generated by org.testng.reporters.JUnitXMLReporter -->
<testsuite ignored="21" hostname="NAREN" failures="1" tests="10" name="Academic Information" time="92.636" errors="0" timestamp="2022-01-07T08:35:43 IST">
  <testcase classname="Tests.Sslc" name="clickAddDetailsAndTenthGradeButton" time="0.558"/>
  <testcase classname="Tests.Sslc" name="validateNegativeTenthGradeInfo" time="25.416">
    <failure type="org.openqa.selenium.NoSuchElementException" message="no such element: Unable to locate element: {&amp;quot;method&amp;quot;:&amp;quot;xpath&amp;quot;,&amp;quot;selector&amp;quot;:&amp;quot;//p[text()=&amp;apos;Onboarding&amp;apos;]&amp;quot;}
  (Session info: chrome=96.0.4664.110)
For documentation on this error, please visit: https://selenium.dev/exceptions/#no_such_element
Build info: version: &amp;apos;4.1.0&amp;apos;, revision: &amp;apos;87802e897b&amp;apos;
System info: host: &amp;apos;NAREN&amp;apos;, ip: &amp;apos;192.168.225.90&amp;apos;, os.name: &amp;apos;Windows 8.1&amp;apos;, os.arch: &amp;apos;amd64&amp;apos;, os.version: &amp;apos;6.3&amp;apos;, java.version: &amp;apos;11.0.13&amp;apos;
Driver info: org.openqa.selenium.chrome.ChromeDriver
Command: [9d85a5032c3b1b7aff74d2816b393cd1, findElement {using=xpath, value=//p[text()=&amp;apos;Onboarding&amp;apos;]}]
Capabilities {acceptInsecureCerts: false, browserName: chrome, browserVersion: 96.0.4664.110, chrome: {chromedriverVersion: 96.0.4664.35 (8df3babf8da8f..., userDataDir: C:\Users\NARENB~1\AppData\L...}, goog:chromeOptions: {debuggerAddress: localhost:64636}, javascriptEnabled: true, networkConnectionEnabled: false, pageLoadStrategy: normal, platform: WINDOWS, platformName: WINDOWS, proxy: Proxy(), se:cdp: ws://localhost:64636/devtoo..., se:cdpVersion: 96.0.4664.110, setWindowRect: true, strictFileInteractability: false, timeouts: {implicit: 0, pageLoad: 300000, script: 30000}, unhandledPromptBehavior: dismiss and notify, webauthn:extension:credBlob: true, webauthn:extension:largeBlob: true, webauthn:virtualAuthenticators: true}
Session ID: 9d85a5032c3b1b7aff74d2816b393cd1">
      <![CDATA[org.openqa.selenium.NoSuchElementException: no such element: Unable to locate element: {"method":"xpath","selector":"//p[text()='Onboarding']"}
  (Session info: chrome=96.0.4664.110)
For documentation on this error, please visit: https://selenium.dev/exceptions/#no_such_element
Build info: version: '4.1.0', revision: '87802e897b'
System info: host: 'NAREN', ip: '192.168.225.90', os.name: 'Windows 8.1', os.arch: 'amd64', os.version: '6.3', java.version: '11.0.13'
Driver info: org.openqa.selenium.chrome.ChromeDriver
Command: [9d85a5032c3b1b7aff74d2816b393cd1, findElement {using=xpath, value=//p[text()='Onboarding']}]
Capabilities {acceptInsecureCerts: false, browserName: chrome, browserVersion: 96.0.4664.110, chrome: {chromedriverVersion: 96.0.4664.35 (8df3babf8da8f..., userDataDir: C:\Users\NARENB~1\AppData\L...}, goog:chromeOptions: {debuggerAddress: localhost:64636}, javascriptEnabled: true, networkConnectionEnabled: false, pageLoadStrategy: normal, platform: WINDOWS, platformName: WINDOWS, proxy: Proxy(), se:cdp: ws://localhost:64636/devtoo..., se:cdpVersion: 96.0.4664.110, setWindowRect: true, strictFileInteractability: false, timeouts: {implicit: 0, pageLoad: 300000, script: 30000}, unhandledPromptBehavior: dismiss and notify, webauthn:extension:credBlob: true, webauthn:extension:largeBlob: true, webauthn:virtualAuthenticators: true}
Session ID: 9d85a5032c3b1b7aff74d2816b393cd1
at org.openqa.selenium.remote.codec.w3c.W3CHttpResponseCodec.createException(W3CHttpResponseCodec.java:200)
at org.openqa.selenium.remote.codec.w3c.W3CHttpResponseCodec.decode(W3CHttpResponseCodec.java:133)
at org.openqa.selenium.remote.codec.w3c.W3CHttpResponseCodec.decode(W3CHttpResponseCodec.java:53)
at org.openqa.selenium.remote.HttpCommandExecutor.execute(HttpCommandExecutor.java:184)
at org.openqa.selenium.remote.service.DriverCommandExecutor.invokeExecute(DriverCommandExecutor.java:164)
at org.openqa.selenium.remote.service.DriverCommandExecutor.execute(DriverCommandExecutor.java:139)
at org.openqa.selenium.remote.RemoteWebDriver.execute(RemoteWebDriver.java:559)
at org.openqa.selenium.remote.ElementLocation$ElementFinder$2.findElement(ElementLocation.java:162)
at org.openqa.selenium.remote.ElementLocation.findElement(ElementLocation.java:60)
at org.openqa.selenium.remote.RemoteWebDriver.findElement(RemoteWebDriver.java:383)
at org.openqa.selenium.remote.RemoteWebDriver.findElement(RemoteWebDriver.java:375)
at org.openqa.selenium.support.pagefactory.DefaultElementLocator.findElement(DefaultElementLocator.java:70)
at org.openqa.selenium.support.pagefactory.internal.LocatingElementHandler.invoke(LocatingElementHandler.java:39)
at com.sun.proxy.$Proxy25.click(Unknown Source)
at Common.CommonFunctions.clickOnBoarding(CommonFunctions.java:74)
at Tests.Sslc.validateNegativeTenthGradeInfo(Sslc.java:98)
at java.base/java.util.ArrayList.forEach(ArrayList.java:1541)
... Removed 31 stack frames]]>
    </failure>
  </testcase> <!-- validateNegativeTenthGradeInfo -->
  <testcase classname="Tests.PlusTwo" name="clickAddDetailsAndPlus2GradeButton" time="0.461"/>
  <testcase classname="Tests.PlusTwo" name="validateNegativePlus2GradeInfo" time="24.084"/>
  <testcase classname="Tests.Diploma" name="clickAddDetailsAndDiplomaButton" time="0.508"/>
  <testcase classname="Tests.Diploma" name="validateNegativeDiplomaInfo" time="12.508"/>
  <testcase classname="Tests.UnderGraduate" name="clickAddDetailsAndUnderGradGradeButton" time="2.927"/>
  <testcase classname="Tests.UnderGraduate" name="validateNegativeUnderGradInfo" time="12.738"/>
  <testcase classname="Tests.PostGraduate" name="clickAddDetailsAndPostGradGradeButton" time="0.461"/>
  <testcase classname="Tests.PostGraduate" name="validateNegativePostGradInfo" time="12.913"/>
  <testcase classname="Tests.UnderGraduate" name="validateUnderGradInfo" time="0.0">
    <ignored/>
  </testcase> <!-- validateUnderGradInfo -->
  <testcase classname="Helper.OpentapsWrappers" name="@AfterSuite afterSuite" time="0.0">
    <ignored/>
  </testcase> <!-- @AfterSuite afterSuite -->
  <testcase classname="Helper.OpentapsWrappers" name="@AfterSuite afterSuite" time="0.0">
    <ignored/>
  </testcase> <!-- @AfterSuite afterSuite -->
  <testcase classname="Helper.OpentapsWrappers" name="@AfterSuite afterSuite" time="0.0">
    <ignored/>
  </testcase> <!-- @AfterSuite afterSuite -->
  <testcase classname="Helper.OpentapsWrappers" name="@AfterSuite afterSuite" time="0.0">
    <ignored/>
  </testcase> <!-- @AfterSuite afterSuite -->
  <testcase classname="Helper.OpentapsWrappers" name="@BeforeTest beforeTest" time="0.0">
    <ignored/>
  </testcase> <!-- @BeforeTest beforeTest -->
  <testcase classname="Helper.OpentapsWrappers" name="@BeforeTest beforeTest" time="0.0">
    <ignored/>
  </testcase> <!-- @BeforeTest beforeTest -->
  <testcase classname="Helper.OpentapsWrappers" name="@BeforeTest beforeTest" time="0.0">
    <ignored/>
  </testcase> <!-- @BeforeTest beforeTest -->
  <testcase classname="Helper.OpentapsWrappers" name="@BeforeTest beforeTest" time="0.0">
    <ignored/>
  </testcase> <!-- @BeforeTest beforeTest -->
  <testcase classname="Tests.PlusTwo" name="validatePlus2GradeInfo" time="0.0">
    <ignored/>
  </testcase> <!-- validatePlus2GradeInfo -->
  <testcase classname="Tests.Sslc" name="validateTenthGradeInfo" time="0.0">
    <ignored/>
  </testcase> <!-- validateTenthGradeInfo -->
  <testcase classname="Tests.Diploma" name="validateDiplomaInfo" time="0.0">
    <ignored/>
  </testcase> <!-- validateDiplomaInfo -->
  <testcase classname="Helper.OpentapsWrappers" name="@BeforeSuite beforeSuite" time="0.0">
    <ignored/>
  </testcase> <!-- @BeforeSuite beforeSuite -->
  <testcase classname="Helper.OpentapsWrappers" name="@BeforeSuite beforeSuite" time="0.0">
    <ignored/>
  </testcase> <!-- @BeforeSuite beforeSuite -->
  <testcase classname="Helper.OpentapsWrappers" name="@BeforeSuite beforeSuite" time="0.0">
    <ignored/>
  </testcase> <!-- @BeforeSuite beforeSuite -->
  <testcase classname="Helper.OpentapsWrappers" name="@BeforeSuite beforeSuite" time="0.0">
    <ignored/>
  </testcase> <!-- @BeforeSuite beforeSuite -->
  <testcase classname="Tests.PostGraduate" name="validatePostGradInfo" time="0.0">
    <ignored/>
  </testcase> <!-- validatePostGradInfo -->
  <testcase classname="Helper.OpentapsWrappers" name="@AfterTest afterTest" time="0.0">
    <ignored/>
  </testcase> <!-- @AfterTest afterTest -->
  <testcase classname="Helper.OpentapsWrappers" name="@AfterTest afterTest" time="0.0">
    <ignored/>
  </testcase> <!-- @AfterTest afterTest -->
  <testcase classname="Helper.OpentapsWrappers" name="@AfterTest afterTest" time="0.0">
    <ignored/>
  </testcase> <!-- @AfterTest afterTest -->
  <testcase classname="Helper.OpentapsWrappers" name="@AfterTest afterTest" time="0.0">
    <ignored/>
  </testcase> <!-- @AfterTest afterTest -->
</testsuite> <!-- Academic Information -->
